<?xml version="1.0" encoding="UTF-8"?>
<!-- Generated by org.testng.reporters.JUnitReportReporter -->
<testsuite hostname="DESKTOP-HDR5F53" failures="0" tests="2" name="testscript.LoginTest" time="7.891" errors="0" timestamp="2025-03-22T08:45:33 IST" skipped="0">
  <testcase classname="testscript.LoginTest" name="verifyWhetherUserAbleTOILoginWithValidUsernameAndValidPassword" time="3.944"/>
  <testcase classname="testscript.LoginTest" name="verifyWhetherUserAbleToLoginWithInValidUsernameAndValidPassword" time="3.947"/>
</testsuite> <!-- testscript.LoginTest -->
