<?xml version="1.0" encoding="UTF-8"?>
<!-- Generated by org.testng.reporters.JUnitReportReporter -->
<testsuite hostname="DESKTOP-HDR5F53" failures="0" tests="3" name="testscript.SubCategoryTest" time="14.005" errors="0" timestamp="2025-03-21T13:48:47 IST" skipped="0">
  <testcase classname="testscript.SubCategoryTest" name="verifyWhetherUserAbleToAddNewItemInSubcategoryUsingNewButton" time="5.529"/>
  <testcase classname="testscript.SubCategoryTest" name="verifyWhetherUserAbleToSearchItemsusingSearchButtonInSubcategorytosearchitem" time="3.865"/>
  <testcase classname="testscript.SubCategoryTest" name="verifyWhetherUserAbleToRefreshTheSubCategoryPageUsingResetButton" time="4.611"/>
</testsuite> <!-- testscript.SubCategoryTest -->
