<?xml version="1.0" encoding="UTF-8"?>
<!-- Generated by org.testng.reporters.JUnitReportReporter -->
<testsuite hostname="DESKTOP-HDR5F53" failures="0" tests="7" name="testscript.LoginTest" time="22.072" errors="0" timestamp="2025-03-21T13:57:41 IST" skipped="0">
  <testcase classname="testscript.LoginTest" name="verifyWhetherUserAbleTOILoginWithValidUsernameAndValidPassword" time="4.565"/>
  <testcase classname="testscript.LoginTest" name="verifyWhetherUserAbleToLoginWithInValidUsernameAndValidPassword" time="3.125"/>
  <testcase classname="testscript.LoginTest" name="verifyWhetherUserAbleTOUserLoginWithValidUsernameAndinValidPassword" time="3.251"/>
  <testcase classname="testscript.LoginTest" name="verifyWhetherUserAbleToLoginWithinValidUsernameAndinValidPassword" time="2.708"/>
  <testcase classname="testscript.LoginTest" name="verifyWhetherUserAbleToLoginWithinValidUsernameAndinValidPassword" time="2.973"/>
  <testcase classname="testscript.LoginTest" name="verifyWhetherUserAbleToLoginWithinValidUsernameAndinValidPassword" time="2.640"/>
  <testcase classname="testscript.LoginTest" name="verifyWhetherUserAbleToLoginWithinValidUsernameAndinValidPassword" time="2.810"/>
</testsuite> <!-- testscript.LoginTest -->
