<?xml version="1.0" encoding="UTF-8"?>
<!-- Generated by org.testng.reporters.JUnitReportReporter -->
<testsuite hostname="DESKTOP-HDR5F53" failures="0" tests="3" name="testscript.SubCategoryTest" time="10.923" errors="0" timestamp="2025-03-23T10:07:10 IST" skipped="0">
  <testcase classname="testscript.SubCategoryTest" name="verifyWhetherUserAbleToAddNewItemInSubcategoryUsingNewButton" time="4.210"/>
  <testcase classname="testscript.SubCategoryTest" name="verifyWhetherUserAbleToSearchItemsusingSearchButtonInSubcategorytosearchitem" time="3.337"/>
  <testcase classname="testscript.SubCategoryTest" name="verifyWhetherUserAbleToRefreshTheSubCategoryPageUsingResetButton" time="3.376"/>
</testsuite> <!-- testscript.SubCategoryTest -->
