<?xml version="1.0" encoding="UTF-8"?>
<!-- Generated by org.testng.reporters.JUnitReportReporter -->
<testsuite hostname="DESKTOP-HDR5F53" failures="0" tests="3" name="testscript.SubCategoryTest" time="10.814" errors="0" timestamp="2025-03-23T09:56:22 IST" skipped="0">
  <testcase classname="testscript.SubCategoryTest" name="verifyWhetherUserAbleToAddNewItemInSubcategoryUsingNewButton" time="4.263"/>
  <testcase classname="testscript.SubCategoryTest" name="verifyWhetherUserAbleToSearchItemsusingSearchButtonInSubcategorytosearchitem" time="3.104"/>
  <testcase classname="testscript.SubCategoryTest" name="verifyWhetherUserAbleToRefreshTheSubCategoryPageUsingResetButton" time="3.447"/>
</testsuite> <!-- testscript.SubCategoryTest -->
