<?xml version="1.0" encoding="UTF-8"?>
<!-- Generated by org.testng.reporters.JUnitReportReporter -->
<testsuite hostname="DESKTOP-HDR5F53" failures="0" tests="3" name="testscript.AdminUsersTest" time="39.869" errors="0" timestamp="2025-03-22T08:43:52 IST" skipped="0">
  <testcase classname="testscript.AdminUsersTest" name="verifywhetherUserAbleToAddNewUserToTheUserListByUsingAddButtonInAdminPage" time="15.593"/>
  <testcase classname="testscript.AdminUsersTest" name="verifywhetherUserAbleToAddNewUserToTheUserListByUsingAddButtonInAdminPage" time="18.488"/>
  <testcase classname="testscript.AdminUsersTest" name="verifywhetherUserAbleToAddNewUserToTheUserListByUsingAddButtonInAdminPage" time="5.788"/>
</testsuite> <!-- testscript.AdminUsersTest -->
