<?xml version="1.0" encoding="UTF-8"?>
<!-- Generated by org.testng.reporters.JUnitReportReporter -->
<testsuite hostname="DESKTOP-HDR5F53" failures="0" tests="1" name="testscript.HomeTest" time="17.520" errors="0" timestamp="2025-03-21T14:58:09 IST" skipped="0">
  <testcase classname="testscript.HomeTest" name="verifySuccessfullyUserCanLogoutFromHomePage" time="17.520"/>
</testsuite> <!-- testscript.HomeTest -->
