<?xml version="1.0" encoding="UTF-8"?>
<!-- Generated by org.testng.reporters.JUnitReportReporter -->
<testsuite hostname="DESKTOP-HDR5F53" failures="0" tests="1" name="testscript.HomeTest" time="5.208" errors="0" timestamp="2025-03-21T13:51:02 IST" skipped="0">
  <testcase classname="testscript.HomeTest" name="verifySuccessfullyUserCanLogoutFromHomePage" time="5.208"/>
</testsuite> <!-- testscript.HomeTest -->
