<?xml version="1.0" encoding="UTF-8"?>
<!-- Generated by org.testng.reporters.JUnitReportReporter -->
<testsuite hostname="DESKTOP-HDR5F53" failures="0" tests="3" name="testscript.ManageNewsTest" time="15.005" errors="0" timestamp="2025-03-21T13:49:33 IST" skipped="0">
  <testcase classname="testscript.ManageNewsTest" name="VerifyWhetherUserAbleToAddNewsinManageNewsByUsingSearchButton" time="7.357"/>
  <testcase classname="testscript.ManageNewsTest" name="VerifyWhetherUserCanAbleToAddNewsInMnageNewsByUsingAddNewsButton" time="4.353"/>
  <testcase classname="testscript.ManageNewsTest" name="VerifyWhetherUserAbleToRefreshPageOfManageNewsUsingResetBuutton" time="3.295"/>
</testsuite> <!-- testscript.ManageNewsTest -->
