<?xml version="1.0" encoding="UTF-8"?>
<!-- Generated by org.testng.reporters.JUnitReportReporter -->
<testsuite hostname="DESKTOP-HDR5F53" failures="0" tests="4" name="seleniumBasics.LoginTest" time="41.706" errors="0" timestamp="2025-02-20T14:01:59 IST" skipped="0">
  <testcase classname="seleniumBasics.LoginTest" name="verifyUserLoginWithInValidUsernameAndValidPassword" time="7.613"/>
  <testcase classname="seleniumBasics.LoginTest" name="verifyUserLoginWithValidUsernameAndValidPassword" time="11.060"/>
  <testcase classname="seleniumBasics.LoginTest" name="verifyUserLoginWithInValidUsernameAndInValidPassword" time="12.380"/>
  <testcase classname="seleniumBasics.LoginTest" name="verifyUserLoginWithValidUsernameAndInValidPassword" time="10.653"/>
</testsuite> <!-- seleniumBasics.LoginTest -->
