<?xml version="1.0" encoding="UTF-8"?>
<!-- Generated by org.testng.reporters.JUnitReportReporter -->
<testsuite hostname="DESKTOP-HDR5F53" failures="0" tests="1" name="seleniumBasics.TestNGAnnotations" time="0.054" errors="0" timestamp="2025-02-18T14:29:10 IST" skipped="0">
  <testcase classname="seleniumBasics.TestNGAnnotations" name="testCase" time="0.054"/>
</testsuite> <!-- seleniumBasics.TestNGAnnotations -->
